#
# A fatal error has been detected by the Java Runtime Environment:
#
#  Internal Error (javaClasses.cpp:137), pid=212, tid=8012
#  fatal error: Invalid layout of preloaded class
#
# JRE version:  (7.0_80-b15) (build )
# Java VM: Java HotSpot(TM) Client VM (24.80-b11 mixed mode windows-x86 )
# Failed to write core dump. Minidumps are not enabled by default on client versions of Windows
#
# If you would like to submit a bug report, please visit:
#   http://bugreport.java.com/bugreport/crash.jsp
#

---------------  T H R E A D  ---------------

Current thread (0x02cecc00):  JavaThread "Unknown thread" [_thread_in_vm, id=8012, stack(0x04680000,0x046d0000)]

Stack: [0x04680000,0x046d0000],  sp=0x046cf508,  free space=317k
Native frames: (J=compiled Java code, j=interpreted, Vv=VM code, C=native code)
V  [jvm.dll+0x192384]
V  [jvm.dll+0x18b9f6]
V  [jvm.dll+0x35b90]
V  [jvm.dll+0x35c16]
V  [jvm.dll+0x4464d]
V  [jvm.dll+0x4490e]
V  [jvm.dll+0x93a4a]
V  [jvm.dll+0x93dfb]
V  [jvm.dll+0x141361]
V  [jvm.dll+0x163e1c]
V  [jvm.dll+0xcaaaf]
C  [javaw.exe+0x13ce]
C  [javaw.exe+0x1e40]
C  [javaw.exe+0xa6d1]
C  [javaw.exe+0xa75b]
C  [KERNEL32.DLL+0x18654]
C  [ntdll.dll+0x64b17]
C  [ntdll.dll+0x64ae7]


---------------  P R O C E S S  ---------------

Java Threads: ( => current thread )

Other Threads:

=>0x02cecc00 (exited) JavaThread "Unknown thread" [_thread_in_vm, id=8012, stack(0x04680000,0x046d0000)]

VM state:not at safepoint (not fully initialized)

VM Mutex/Monitor currently owned by a thread: None

GC Heap History (0 events):
No events

Deoptimization events (0 events):
No events

Internal exceptions (0 events):
No events

Events (10 events):
Event: 0.009 loading class 0x0488b9b0
Event: 0.010 loading class 0x0488b9b0 done
Event: 0.010 loading class 0x0488b9f0
Event: 0.010 loading class 0x0488bf80
Event: 0.011 loading class 0x0488bf80 done
Event: 0.011 loading class 0x04891ba8
Event: 0.011 loading class 0x04891ba8 done
Event: 0.011 loading class 0x0488b9f0 done
Event: 0.011 loading class 0x0488b9d0
Event: 0.011 loading class 0x0488b9d0 done


Dynamic libraries:
0x00ac0000 - 0x00aef000 	C:\Program Files (x86)\Java\32bit-jdk7u80\bin\javaw.exe
0x77600000 - 0x7778d000 	C:\WINDOWS\SYSTEM32\ntdll.dll
0x77530000 - 0x77600000 	C:\WINDOWS\System32\KERNEL32.DLL
0x5f5b0000 - 0x5f5df000 	C:\Program Files\AVAST Software\Avast\aswhookx.dll
0x740c0000 - 0x74297000 	C:\WINDOWS\System32\KERNELBASE.dll
0x75820000 - 0x75898000 	C:\WINDOWS\System32\ADVAPI32.dll
0x75930000 - 0x759ed000 	C:\WINDOWS\System32\msvcrt.dll
0x74dd0000 - 0x74e13000 	C:\WINDOWS\System32\sechost.dll
0x75fc0000 - 0x7607e000 	C:\WINDOWS\System32\RPCRT4.dll
0x74020000 - 0x74040000 	C:\WINDOWS\System32\SspiCli.dll
0x74010000 - 0x7401a000 	C:\WINDOWS\System32\CRYPTBASE.dll
0x745d0000 - 0x74627000 	C:\WINDOWS\System32\bcryptPrimitives.dll
0x756a0000 - 0x75815000 	C:\WINDOWS\System32\USER32.dll
0x75340000 - 0x75356000 	C:\WINDOWS\System32\win32u.dll
0x74050000 - 0x74072000 	C:\WINDOWS\System32\GDI32.dll
0x743f0000 - 0x7454e000 	C:\WINDOWS\System32\gdi32full.dll
0x76080000 - 0x760fc000 	C:\WINDOWS\System32\msvcp_win.dll
0x75090000 - 0x751a7000 	C:\WINDOWS\System32\ucrtbase.dll
0x6f090000 - 0x6f2a1000 	C:\WINDOWS\WinSxS\x86_microsoft.windows.common-controls_6595b64144ccf1df_6.0.16299.371_none_5d75084fa7e1cb96\COMCTL32.dll
0x75450000 - 0x75696000 	C:\WINDOWS\System32\combase.dll
0x758a0000 - 0x758c5000 	C:\WINDOWS\System32\IMM32.DLL
0x5dd00000 - 0x5ddbf000 	C:\Program Files (x86)\Java\32bit-jdk7u80\bin\msvcr100.dll
0x5b1f0000 - 0x5b57b000 	C:\Program Files (x86)\Java\32bit-jdk7u80\bin\client\jvm.dll
0x74040000 - 0x74046000 	C:\WINDOWS\System32\PSAPI.DLL
0x73d40000 - 0x73d48000 	C:\WINDOWS\SYSTEM32\WSOCK32.dll
0x748c0000 - 0x74926000 	C:\WINDOWS\System32\WS2_32.dll
0x73440000 - 0x73464000 	C:\WINDOWS\SYSTEM32\WINMM.dll
0x733f0000 - 0x73413000 	C:\WINDOWS\SYSTEM32\WINMMBASE.dll
0x74080000 - 0x740b8000 	C:\WINDOWS\System32\cfgmgr32.dll
0x5fdf0000 - 0x5fdfc000 	C:\Program Files (x86)\Java\32bit-jdk7u80\bin\verify.dll
0x5ecb0000 - 0x5ecd1000 	C:\Program Files (x86)\Java\32bit-jdk7u80\bin\java.dll
0x5ec90000 - 0x5ecb0000 	C:\Program Files (x86)\Java\32bit-jdk7u80\bin\instrument.dll
0x5df30000 - 0x5df43000 	C:\Program Files (x86)\Java\32bit-jdk7u80\bin\zip.dll
0x58ed0000 - 0x59051000 	C:\WINDOWS\SYSTEM32\dbghelp.dll

VM Arguments:
jvm_args: -javaagent:J:\Java\eclipse-java-oxygen-3a-win32\eclipse\configuration\org.eclipse.osgi\482\0\.cp\jacocoagent.jar=includes=*,excludes=,exclclassloader=sun.reflect.DelegatingClassLoader,output=tcpclient,port=54477 -Dfile.encoding=Cp1252 -Xbootclasspath:C:\Program Files (x86)\leJOS NXJ\lib\nxt\classes.jar 
java_command: Main
Launcher Type: SUN_STANDARD

Environment Variables:
JAVA_HOME=C:\Program Files\Java\jdk1.8.0_151
PATH=C:/Program Files (x86)/Java/32bit-jdk8u171/bin/client;C:/Program Files (x86)/Java/32bit-jdk8u171/bin;C:/Program Files (x86)/Java/32bit-jdk8u171/lib/i386;C:\Program Files (x86)\NVIDIA Corporation\PhysX\Common;C:\ProgramData\Oracle\Java\javapath;C:\Program Files\Common Files\Microsoft Shared\Windows Live;C:\Program Files (x86)\Common Files\Microsoft Shared\Windows Live;C:\WINDOWS\system32;C:\WINDOWS;C:\WINDOWS\System32\Wbem;C:\WINDOWS\System32\WindowsPowerShell\v1.0\;C:\Program Files (x86)\Windows Live\Shared;C:\Program Files (x86)\ATI Technologies\ATI.ACE\Core-Static;C:\Program Files (x86)\AMD\ATI.ACE\Core-Static;C:\Program Files (x86)\IVI Foundation\VISA\WinNT\Bin;C:\Program Files\Java\jre1.8.0_40;C:\Program Files (x86)\QuickTime\QTSystem\;C:\Python27;C:\Program Files (x86)\Skype\Phone\;C:\Program Files (x86)\GtkSharp\2.12\bin;C:\Python34;C:\cv2;C:\Program Files\nodejs\;C:\Program Files\Git\cmd;C:\Program Files\dotnet\;C:\Program Files\Microsoft SQL Server\130\Tools\Binn\;C:\Program Files (x86)\leJOS NXJ\bin;C:\Program Files\Java\jdk1.8.0_112\bin;C:\Users\Bas\AppData\Local\Microsoft\WindowsApps;C:\Users\Bas\AppData\Roaming\npm;C:\Program Files\Heroku\bin;C:\Users\Bas\AppData\Local\GitHubDesktop\bin;C:\Users\Bas\AppData\Local\Microsoft\WindowsApps;C:\Program Files\Microsoft VS Code\bin;C:\Users\Bas\AppData\Local\atom\bin;J:\Java\eclipse-java-oxygen-3a-win32\eclipse;
USERNAME=Bas
OS=Windows_NT
PROCESSOR_IDENTIFIER=AMD64 Family 21 Model 19 Stepping 1, AuthenticAMD



---------------  S Y S T E M  ---------------

OS: Windows 8.1 , 64 bit Build 9600 

CPU:total 4 (4 cores per cpu, 1 threads per core) family 21 model 19 stepping 1, cmov, cx8, fxsr, mmx, sse, sse2, sse3, ssse3, sse4.1, sse4.2, popcnt, avx, aes, mmxext, 3dnowpref, lzcnt, sse4a, tsc, tscinvbit, tscinv

Memory: 4k page, physical 6231480k(2256032k free), swap 12522936k(7369268k free)

vm_info: Java HotSpot(TM) Client VM (24.80-b11) for windows-x86 JRE (1.7.0_80-b15), built on Apr 10 2015 13:33:35 by "java_re" with unknown MS VC++:1600

time: Thu May 03 14:35:44 2018
elapsed time: 0 seconds

